[debug] [2023-01-16T13:15:42.378Z] ----------------------------------------------------------------------
[debug] [2023-01-16T13:15:42.380Z] Command:       C:\Program Files\nodejs\node.exe C:\Users\kitanin\AppData\Roaming\npm\node_modules\firebase-tools\lib\bin\firebase.js init
[debug] [2023-01-16T13:15:42.381Z] CLI Version:   11.20.0
[debug] [2023-01-16T13:15:42.381Z] Platform:      win32
[debug] [2023-01-16T13:15:42.381Z] Node Version:  v18.12.1
[debug] [2023-01-16T13:15:42.382Z] Time:          Mon Jan 16 2023 16:15:42 GMT+0300 (Москва, стандартное время)
[debug] [2023-01-16T13:15:42.383Z] ----------------------------------------------------------------------
[debug] 
[debug] [2023-01-16T13:15:42.391Z] > command requires scopes: ["email","openid","https://www.googleapis.com/auth/cloudplatformprojects.readonly","https://www.googleapis.com/auth/firebase","https://www.googleapis.com/auth/cloud-platform"]
[debug] [2023-01-16T13:15:42.393Z] > authorizing via signed-in user (the.rec.videos@gmail.com)
[info] 
     ######## #### ########  ######## ########     ###     ######  ########
     ##        ##  ##     ## ##       ##     ##  ##   ##  ##       ##
     ######    ##  ########  ######   ########  #########  ######  ######
     ##        ##  ##    ##  ##       ##     ## ##     ##       ## ##
     ##       #### ##     ## ######## ########  ##     ##  ######  ########

You're about to initialize a Firebase project in this directory:

  C:\Users\kitanin\Projects\lesson6-prod

[info] 
=== Project Setup
[info] 
[info] First, let's associate this project directory with a Firebase project.
[info] You can create multiple project aliases by running firebase use --add, 
[info] but for now we'll just set up a default project.
[info] 
[debug] [2023-01-16T13:16:50.276Z] >>> [apiv2][query] GET https://firebase.googleapis.com/v1beta1/projects pageSize=100
[debug] [2023-01-16T13:16:50.844Z] <<< [apiv2][status] GET https://firebase.googleapis.com/v1beta1/projects 200
[debug] [2023-01-16T13:16:50.844Z] <<< [apiv2][body] GET https://firebase.googleapis.com/v1beta1/projects [omitted]
[info] i  Using project lesson6-bb170 (lesson6) 
[info] 
=== Hosting Setup
[info] 
[info] Your public directory is the folder (relative to your project directory) that
[info] will contain Hosting assets to be uploaded with firebase deploy. If you
[info] have a build process for your assets, use your build's output directory.
[info] 
[debug] [2023-01-16T13:17:58.711Z] >>> [apiv2][query] GET https://www.gstatic.com/firebasejs/releases.json [none]
[debug] [2023-01-16T13:17:58.788Z] <<< [apiv2][status] GET https://www.gstatic.com/firebasejs/releases.json 200
[debug] [2023-01-16T13:17:58.789Z] <<< [apiv2][body] GET https://www.gstatic.com/firebasejs/releases.json {"current":{"version":"9.15.0","browserURL":"https://www.gstatic.com/firebasejs/9.15.0/firebase.js","packageURL":"https://www.gstatic.com/firebasejs/9.15.0/firebase.tgz"},"live":{"version":"9.15","browserURL":"https://www.gstatic.com/firebasejs/live/9.15/firebase.js","packageURL":"https://www.gstatic.com/firebasejs/live/9.15/firebase.tgz"},"components":{"analytics":"https://www.gstatic.com/firebasejs/9.15.0/firebase-analytics.js","app":"https://www.gstatic.com/firebasejs/9.15.0/firebase-app.js","app-check":"https://www.gstatic.com/firebasejs/9.15.0/firebase-app-check.js","auth":"https://www.gstatic.com/firebasejs/9.15.0/firebase-auth.js","auth/cordova":"https://www.gstatic.com/firebasejs/9.15.0/firebase-auth/cordova.js","auth/react-native":"https://www.gstatic.com/firebasejs/9.15.0/firebase-auth/react-native.js","functions":"https://www.gstatic.com/firebasejs/9.15.0/firebase-functions.js","firestore":"https://www.gstatic.com/firebasejs/9.15.0/firebase-firestore.js","firestore/lite":"https://www.gstatic.com/firebasejs/9.15.0/firebase-firestore/lite.js","installations":"https://www.gstatic.com/firebasejs/9.15.0/firebase-installations.js","storage":"https://www.gstatic.com/firebasejs/9.15.0/firebase-storage.js","performance":"https://www.gstatic.com/firebasejs/9.15.0/firebase-performance.js","remote-config":"https://www.gstatic.com/firebasejs/9.15.0/firebase-remote-config.js","messaging":"https://www.gstatic.com/firebasejs/9.15.0/firebase-messaging.js","messaging/sw":"https://www.gstatic.com/firebasejs/9.15.0/firebase-messaging/sw.js","database":"https://www.gstatic.com/firebasejs/9.15.0/firebase-database.js","firestore.memory":"https://www.gstatic.com/firebasejs/9.15.0/firebase-firestore.memory.js"}}
[info] i  Skipping write of dist/lesson6-prod/index.html 
[info] 
[info] i  Detected a .git folder at C:\Users\kitanin\Projects\lesson6-prod 
[info] i  Authorizing with GitHub to upload your service account to a GitHub repository's secrets store. 
[info] 
[info] Visit this URL on this device to log in:
[info] https://github.com/login/oauth/authorize?client_id=89cf50f02ac6aaed3484&state=399371370&redirect_uri=http%3A%2F%2Flocalhost%3A9005&scope=read%3Auser%20repo%20public_repo
[info] 
[info] Waiting for authentication...
[debug] [2023-01-16T13:18:10.506Z] >>> [apiv2][query] POST https://github.com/login/oauth/access_token [none]
[debug] [2023-01-16T13:18:10.506Z] >>> [apiv2][body] POST https://github.com/login/oauth/access_token [stream]
[debug] [2023-01-16T13:18:11.020Z] <<< [apiv2][status] POST https://github.com/login/oauth/access_token 200
[debug] [2023-01-16T13:18:11.020Z] <<< [apiv2][body] POST https://github.com/login/oauth/access_token {"access_token":"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","token_type":"bearer","scope":"read:user,repo"}
[debug] [2023-01-16T13:18:11.024Z] >>> [apiv2][query] GET https://api.github.com/user [none]
[debug] [2023-01-16T13:18:11.445Z] <<< [apiv2][status] GET https://api.github.com/user 200
[debug] [2023-01-16T13:18:11.445Z] <<< [apiv2][body] GET https://api.github.com/user {"login":"0ReC0","id":41593670,"node_id":"MDQ6VXNlcjQxNTkzNjcw","avatar_url":"https://avatars.githubusercontent.com/u/41593670?v=4","gravatar_id":"","url":"https://api.github.com/users/0ReC0","html_url":"https://github.com/0ReC0","followers_url":"https://api.github.com/users/0ReC0/followers","following_url":"https://api.github.com/users/0ReC0/following{/other_user}","gists_url":"https://api.github.com/users/0ReC0/gists{/gist_id}","starred_url":"https://api.github.com/users/0ReC0/starred{/owner}{/repo}","subscriptions_url":"https://api.github.com/users/0ReC0/subscriptions","organizations_url":"https://api.github.com/users/0ReC0/orgs","repos_url":"https://api.github.com/users/0ReC0/repos","events_url":"https://api.github.com/users/0ReC0/events{/privacy}","received_events_url":"https://api.github.com/users/0ReC0/received_events","type":"User","site_admin":false,"name":null,"company":null,"blog":"","location":null,"email":null,"hireable":null,"bio":null,"twitter_username":null,"public_repos":38,"public_gists":1,"followers":11,"following":0,"created_at":"2018-07-23T19:35:59Z","updated_at":"2023-01-02T19:36:53Z","private_gists":0,"total_private_repos":6,"owned_private_repos":6,"disk_usage":218260,"collaborators":0,"two_factor_authentication":false,"plan":{"name":"pro","space":976562499,"collaborators":0,"private_repos":9999}}
[info] 
[info] +  Success! Logged into GitHub as 0ReC0 
[info] 
[debug] [2023-01-16T13:18:57.384Z] >>> [apiv2][query] GET https://api.github.com/repos/0ReC0/lesson6-prod/actions/secrets/public-key type=owner
[debug] [2023-01-16T13:18:57.722Z] <<< [apiv2][status] GET https://api.github.com/repos/0ReC0/lesson6-prod/actions/secrets/public-key 404
[debug] [2023-01-16T13:18:57.722Z] <<< [apiv2][body] GET https://api.github.com/repos/0ReC0/lesson6-prod/actions/secrets/public-key {"message":"Not Found","documentation_url":"https://docs.github.com/rest/reference/actions#get-a-repository-public-key"}
[debug] [2023-01-16T13:19:00.988Z] >>> [apiv2][query] GET https://api.github.com/repos/0ReC0/lesson6-prod/actions/secrets/public-key type=owner
[debug] [2023-01-16T13:19:01.286Z] <<< [apiv2][status] GET https://api.github.com/repos/0ReC0/lesson6-prod/actions/secrets/public-key 404
[debug] [2023-01-16T13:19:01.286Z] <<< [apiv2][body] GET https://api.github.com/repos/0ReC0/lesson6-prod/actions/secrets/public-key {"message":"Not Found","documentation_url":"https://docs.github.com/rest/reference/actions#get-a-repository-public-key"}
